2025-04-12 12:16:47,053 [INFO] Activator:176 - 


2025-04-12 12:16:47,055 [INFO] Activator:177 - !SESSION log4j initialized
2025-04-12 12:16:49,604 [ERROR] LogOutputStream:75 - [STDERR_REDIRECT] 
2025-04-12 12:16:53,694 [ERROR] LogOutputStream:75 - [STDERR_REDIRECT] [Fatal Error] :2:10: DOCTYPE is disallowed when the feature "http://apache.org/xml/features/disallow-doctype-decl" set to true.
2025-04-12 12:16:53,695 [ERROR] LogOutputStream:75 - [STDERR_REDIRECT] 
2025-04-12 12:16:57,280 [INFO] LogOutputStream:77 - [STDOUT_REDIRECT] 
2025-04-12 12:17:00,637 [INFO] ApplicationProperties:184 - Using Application install path: /Applications/STM32CubeIDE.app/Contents/Eclipse/plugins/com.st.stm32cube.common.mx_6.13.0.202411220809
2025-04-12 12:17:00,655 [INFO] DbMcusXml:78 - Set database path to: /Applications/STM32CubeIDE.app/Contents/Eclipse/plugins/com.st.stm32cube.common.mx_6.13.0.202411220809//db//mcu/
2025-04-12 12:17:00,655 [INFO] ApiDb:274 - Set plugin database path to: /Applications/STM32CubeIDE.app/Contents/Eclipse/plugins/com.st.stm32cube.common.mx_6.13.0.202411220809//db//plugins/boardmanager/
2025-04-12 12:17:00,656 [WARN] ApiDb:259 - Overriding images path with different value:  => /Applications/STM32CubeIDE.app/Contents/Eclipse/plugins/com.st.stm32cube.common.mx_6.13.0.202411220809//db//plugins/mcufinder/images/
2025-04-12 12:17:00,663 [INFO] ApiDb:250 - Set database path to: /Users/audreysoo/.stmcufinder/plugins/mcufinder//mcu/
2025-04-12 12:17:00,664 [INFO] DbMcusAds:125 - Set database path to: /Users/audreysoo/.stmcufinder/plugins/mcufinder//mcu/
2025-04-12 12:17:00,666 [INFO] CrossReferenceDbSqlite:203 - Set database path to: /Users/audreysoo/.stmcufinder/plugins/mcufinder//mcu/cs/
2025-04-12 12:17:00,805 [INFO] RulesReader:64 - Compatibility file has been processed (297 Rules)
2025-04-12 12:17:00,885 [INFO] DbMcusXml:78 - Set database path to: /Applications/STM32CubeIDE.app/Contents/Eclipse/plugins/com.st.stm32cube.common.mx_6.13.0.202411220809//db//mcu/
2025-04-12 12:17:00,885 [INFO] ApiDb:274 - Set plugin database path to: /Applications/STM32CubeIDE.app/Contents/Eclipse/plugins/com.st.stm32cube.common.mx_6.13.0.202411220809//db//plugins/boardmanager/
2025-04-12 12:17:00,885 [INFO] ApiDb:261 - Set plugin images path to: /Applications/STM32CubeIDE.app/Contents/Eclipse/plugins/com.st.stm32cube.common.mx_6.13.0.202411220809//db//plugins/mcufinder/images/
2025-04-12 12:17:00,885 [WARN] DbFile:41 - Overriding database path with different value: /Users/audreysoo/.stmcufinder/plugins/mcufinder/ => /Users/audreysoo/.stmcufinder/plugins/mcufinder
2025-04-12 12:17:00,885 [INFO] ApiDb:250 - Set database path to: /Users/audreysoo/.stmcufinder/plugins/mcufinder//mcu/
2025-04-12 12:17:00,886 [WARN] DbFile:41 - Overriding database path with different value: /Users/audreysoo/.stmcufinder/plugins/mcufinder/ => /Users/audreysoo/.stmcufinder/plugins/mcufinder
2025-04-12 12:17:00,886 [INFO] DbMcusAds:125 - Set database path to: /Users/audreysoo/.stmcufinder/plugins/mcufinder//mcu/
2025-04-12 12:17:00,886 [WARN] DbFile:41 - Overriding database path with different value: /Users/audreysoo/.stmcufinder/plugins/mcufinder/ => /Users/audreysoo/.stmcufinder/plugins/mcufinder
2025-04-12 12:17:00,886 [WARN] DbFile:41 - Overriding database path with different value: /Users/audreysoo/.stmcufinder/plugins/mcufinder/ => /Users/audreysoo/.stmcufinder/plugins/mcufinder
2025-04-12 12:17:00,886 [INFO] CrossReferenceDbSqlite:203 - Set database path to: /Users/audreysoo/.stmcufinder/plugins/mcufinder//mcu/cs/
2025-04-12 12:17:00,973 [INFO] MainPanel:272 - HeapMemory: 327155712
2025-04-12 12:17:01,415 [INFO] DbMcusXml:78 - Set database path to: /Applications/STM32CubeIDE.app/Contents/Eclipse/plugins/com.st.stm32cube.common.mx_6.13.0.202411220809//db//mcu/
2025-04-12 12:17:01,415 [INFO] ApiDb:274 - Set plugin database path to: /Applications/STM32CubeIDE.app/Contents/Eclipse/plugins/com.st.stm32cube.common.mx_6.13.0.202411220809//db//plugins/boardmanager/
2025-04-12 12:17:01,415 [INFO] ApiDb:261 - Set plugin images path to: /Applications/STM32CubeIDE.app/Contents/Eclipse/plugins/com.st.stm32cube.common.mx_6.13.0.202411220809//db//plugins/mcufinder/images/
2025-04-12 12:17:01,415 [WARN] DbFile:41 - Overriding database path with different value: /Users/audreysoo/.stmcufinder/plugins/mcufinder/ => /Users/audreysoo/.stmcufinder/plugins/mcufinder
2025-04-12 12:17:01,415 [INFO] ApiDb:250 - Set database path to: /Users/audreysoo/.stmcufinder/plugins/mcufinder//mcu/
2025-04-12 12:17:01,416 [WARN] DbFile:41 - Overriding database path with different value: /Users/audreysoo/.stmcufinder/plugins/mcufinder/ => /Users/audreysoo/.stmcufinder/plugins/mcufinder
2025-04-12 12:17:01,416 [INFO] DbMcusAds:125 - Set database path to: /Users/audreysoo/.stmcufinder/plugins/mcufinder//mcu/
2025-04-12 12:17:01,416 [WARN] DbFile:41 - Overriding database path with different value: /Users/audreysoo/.stmcufinder/plugins/mcufinder/ => /Users/audreysoo/.stmcufinder/plugins/mcufinder
2025-04-12 12:17:01,416 [WARN] DbFile:41 - Overriding database path with different value: /Users/audreysoo/.stmcufinder/plugins/mcufinder/ => /Users/audreysoo/.stmcufinder/plugins/mcufinder
2025-04-12 12:17:01,416 [INFO] CrossReferenceDbSqlite:203 - Set database path to: /Users/audreysoo/.stmcufinder/plugins/mcufinder//mcu/cs/
2025-04-12 12:17:01,436 [INFO] ApplicationProperties:184 - Using Application install path: /Applications/STM32CubeIDE.app/Contents/Eclipse/plugins/com.st.stm32cube.common.mx_6.13.0.202411220809
2025-04-12 12:17:01,437 [INFO] PluginManage:196 - Search for loadable plugins [exclusion list=, ]
2025-04-12 12:17:01,438 [INFO] PluginManage:310 - Check plugin analytics
2025-04-12 12:17:01,656 [INFO] AnalyticsPlugin:253 - Accepted Software Licenses: 
2025-04-12 12:17:01,656 [INFO] AnalyticsPlugin:255 - Accepted CMSIS Pack Licenses: 
2025-04-12 12:17:01,656 [INFO] AnalyticsPlugin:257 - Accepted Firmware Licenses: 
2025-04-12 12:17:01,661 [INFO] PluginManage:359 - Loaded plugin analytics (category:tool,tabindex:-1)
2025-04-12 12:17:01,662 [INFO] PluginManage:310 - Check plugin cadmodel
2025-04-12 12:17:01,672 [INFO] CADModel:105 - Init CAD model plugin
2025-04-12 12:17:01,672 [INFO] PluginManage:359 - Loaded plugin cadmodel (category:power,tabindex:5)
2025-04-12 12:17:01,673 [INFO] PluginManage:310 - Check plugin clock
2025-04-12 12:17:01,682 [INFO] PluginManage:359 - Loaded plugin clock (category:base,tabindex:2)
2025-04-12 12:17:01,683 [INFO] PluginManage:310 - Check plugin ddr
2025-04-12 12:17:01,685 [INFO] PluginManage:359 - Loaded plugin ddr (category:tool,tabindex:6)
2025-04-12 12:17:01,685 [INFO] PluginManage:310 - Check plugin filemanager
2025-04-12 12:17:02,181 [INFO] PluginManage:359 - Loaded plugin filemanager (category:base,tabindex:10)
2025-04-12 12:17:02,185 [INFO] PluginManage:310 - Check plugin ipmanager
2025-04-12 12:17:02,242 [INFO] PluginManage:359 - Loaded plugin ipmanager (category:base,tabindex:5)
2025-04-12 12:17:02,244 [INFO] PluginManage:310 - Check plugin lpbam
2025-04-12 12:17:02,271 [INFO] PluginManage:359 - Loaded plugin lpbam (category:base,tabindex:0)
2025-04-12 12:17:02,272 [INFO] PluginManage:310 - Check plugin memorymap
2025-04-12 12:17:02,290 [INFO] PluginManage:359 - Loaded plugin memorymap (category:base,tabindex:4)
2025-04-12 12:17:02,290 [INFO] PluginManage:310 - Check plugin pinoutandconfiguration
2025-04-12 12:17:02,300 [INFO] PluginManage:359 - Loaded plugin pinoutandconfiguration (category:base,tabindex:1)
2025-04-12 12:17:02,300 [INFO] PluginManage:310 - Check plugin pinoutconfig
2025-04-12 12:17:02,427 [WARN] SupportedApi:132 - Cannot load RTOS API schema: s4s-elt-must-match.1: The content of 'definitions' must match (annotation?, (simpleType | complexType)?, (unique | key | keyref)*)). A problem was found starting at: attribute.
2025-04-12 12:17:02,679 [INFO] PluginManage:359 - Loaded plugin pinoutconfig (category:base,tabindex:0)
2025-04-12 12:17:02,679 [INFO] PluginManage:310 - Check plugin power
2025-04-12 12:17:02,693 [INFO] PluginManage:359 - Loaded plugin power (category:power,tabindex:4)
2025-04-12 12:17:02,693 [INFO] PluginManage:310 - Check plugin projectmanager
2025-04-12 12:17:02,722 [INFO] PluginManage:359 - Loaded plugin projectmanager (category:projectmanager,tabindex:4)
2025-04-12 12:17:02,722 [INFO] PluginManage:310 - Check plugin rif
2025-04-12 12:17:02,728 [INFO] PluginManage:359 - Loaded plugin rif (category:base,tabindex:3)
2025-04-12 12:17:02,728 [INFO] PluginManage:310 - Check plugin thirdparty
2025-04-12 12:17:02,916 [INFO] PluginManage:359 - Loaded plugin thirdparty (category:base,tabindex:-1)
2025-04-12 12:17:02,917 [INFO] PluginManage:310 - Check plugin tools
2025-04-12 12:17:02,922 [INFO] PluginManage:359 - Loaded plugin tools (category:base,tabindex:7)
2025-04-12 12:17:02,922 [INFO] PluginManage:310 - Check plugin tutovideos
2025-04-12 12:17:02,916 [WARN] IntegrityCheckThread:84 - waiting for thirdparty lock release [integrity check]
2025-04-12 12:17:02,923 [INFO] IntegrityCheckThread:86 - entering critical section [integrity check]
2025-04-12 12:17:02,924 [INFO] ThirdPartyUpdaterWithRetryManager:70 - Updater plugin not ready yet. [1/15]
2025-04-12 12:17:03,110 [INFO] PluginManage:359 - Loaded plugin tutovideos (category:base,tabindex:-1)
2025-04-12 12:17:03,110 [INFO] PluginManage:310 - Check plugin updater
2025-04-12 12:17:03,138 [INFO] PluginManage:359 - Loaded plugin updater (category:base,tabindex:12)
2025-04-12 12:17:03,138 [INFO] PluginManage:310 - Check plugin userauth
2025-04-12 12:17:03,143 [INFO] UserAuth:118 - Init User Auth plugin
2025-04-12 12:17:03,145 [INFO] PluginManage:359 - Loaded plugin userauth (category:base,tabindex:14)
2025-04-12 12:17:03,147 [INFO] PluginManage:283 - PluginManage : Loaded plugins [18]
2025-04-12 12:17:03,400 [INFO] PinOutPanel:1589 - setPackage(No Configuration,No Configuration)
2025-04-12 12:17:03,479 [INFO] CADModel:165 - CPN selected for project level
2025-04-12 12:17:03,479 [INFO] CADModel:114 - Register for checkConnection events
2025-04-12 12:17:03,488 [INFO] IPUIPlugin:80 - create IPUIPlugin
2025-04-12 12:17:03,489 [INFO] PluginManager:220 - loadIPPluginJar : add mdma
2025-04-12 12:17:03,493 [INFO] IPUIPlugin:80 - create IPUIPlugin
2025-04-12 12:17:03,494 [INFO] PluginManager:220 - loadIPPluginJar : add freertos
2025-04-12 12:17:03,496 [INFO] IPUIPlugin:80 - create IPUIPlugin
2025-04-12 12:17:03,496 [INFO] PluginManager:220 - loadIPPluginJar : add gic
2025-04-12 12:17:03,503 [INFO] IPUIPlugin:80 - create IPUIPlugin
2025-04-12 12:17:03,503 [INFO] PluginManager:220 - loadIPPluginJar : add adc
2025-04-12 12:17:03,505 [INFO] IPUIPlugin:80 - create IPUIPlugin
2025-04-12 12:17:03,508 [INFO] PluginManager:220 - loadIPPluginJar : add gtzc
2025-04-12 12:17:03,510 [INFO] IPUIPlugin:80 - create IPUIPlugin
2025-04-12 12:17:03,510 [INFO] PluginManager:220 - loadIPPluginJar : add quadspi
2025-04-12 12:17:03,512 [INFO] IPUIPlugin:80 - create IPUIPlugin
2025-04-12 12:17:03,512 [INFO] PluginManager:220 - loadIPPluginJar : add aes
2025-04-12 12:17:03,515 [INFO] IPUIPlugin:80 - create IPUIPlugin
2025-04-12 12:17:03,515 [INFO] PluginManager:220 - loadIPPluginJar : add pdm2pcm
2025-04-12 12:17:03,518 [INFO] IPUIPlugin:80 - create IPUIPlugin
2025-04-12 12:17:03,518 [INFO] PluginManager:220 - loadIPPluginJar : add hash
2025-04-12 12:17:03,519 [INFO] IPUIPlugin:80 - create IPUIPlugin
2025-04-12 12:17:03,520 [INFO] PluginManager:220 - loadIPPluginJar : add tim
2025-04-12 12:17:03,521 [INFO] IPUIPlugin:80 - create IPUIPlugin
2025-04-12 12:17:03,521 [INFO] PluginManager:220 - loadIPPluginJar : add tsc
2025-04-12 12:17:03,523 [INFO] IPUIPlugin:80 - create IPUIPlugin
2025-04-12 12:17:03,523 [INFO] PluginManager:220 - loadIPPluginJar : add extmemmanager
2025-04-12 12:17:03,525 [INFO] IPUIPlugin:80 - create IPUIPlugin
2025-04-12 12:17:03,525 [INFO] PluginManager:220 - loadIPPluginJar : add ts
2025-04-12 12:17:03,526 [INFO] IPUIPlugin:80 - create IPUIPlugin
2025-04-12 12:17:03,527 [INFO] PluginManager:220 - loadIPPluginJar : add radio
2025-04-12 12:17:03,528 [INFO] IPUIPlugin:80 - create IPUIPlugin
2025-04-12 12:17:03,528 [INFO] PluginManager:220 - loadIPPluginJar : add can
2025-04-12 12:17:03,531 [INFO] IPUIPlugin:80 - create IPUIPlugin
2025-04-12 12:17:03,531 [INFO] PluginManager:220 - loadIPPluginJar : add dma3
2025-04-12 12:17:03,534 [INFO] IPUIPlugin:80 - create IPUIPlugin
2025-04-12 12:17:03,535 [INFO] PluginManager:220 - loadIPPluginJar : add dfsdm
2025-04-12 12:17:03,537 [INFO] IPUIPlugin:80 - create IPUIPlugin
2025-04-12 12:17:03,537 [INFO] PluginManager:220 - loadIPPluginJar : add spi
2025-04-12 12:17:03,539 [INFO] IPUIPlugin:80 - create IPUIPlugin
2025-04-12 12:17:03,539 [INFO] PluginManager:220 - loadIPPluginJar : add gfxmmu
2025-04-12 12:17:03,540 [INFO] IPUIPlugin:80 - create IPUIPlugin
2025-04-12 12:17:03,540 [INFO] PluginManager:220 - loadIPPluginJar : add genericplugin
2025-04-12 12:17:03,542 [INFO] IPUIPlugin:80 - create IPUIPlugin
2025-04-12 12:17:03,542 [INFO] PluginManager:220 - loadIPPluginJar : add cryp
2025-04-12 12:17:03,545 [INFO] IPUIPlugin:80 - create IPUIPlugin
2025-04-12 12:17:03,545 [INFO] PluginManager:220 - loadIPPluginJar : add gpio
2025-04-12 12:17:03,547 [INFO] IPUIPlugin:80 - create IPUIPlugin
2025-04-12 12:17:03,547 [INFO] PluginManager:220 - loadIPPluginJar : add ddr_ctrl_phy
2025-04-12 12:17:03,548 [INFO] IPUIPlugin:80 - create IPUIPlugin
2025-04-12 12:17:03,548 [INFO] PluginManager:220 - loadIPPluginJar : add comp
2025-04-12 12:17:03,550 [INFO] IPUIPlugin:80 - create IPUIPlugin
2025-04-12 12:17:03,551 [INFO] PluginManager:220 - loadIPPluginJar : add tracer_emb
2025-04-12 12:17:03,552 [INFO] IPUIPlugin:80 - create IPUIPlugin
2025-04-12 12:17:03,552 [INFO] PluginManager:220 - loadIPPluginJar : add openamp
2025-04-12 12:17:03,555 [INFO] IPUIPlugin:80 - create IPUIPlugin
2025-04-12 12:17:03,555 [INFO] PluginManager:220 - loadIPPluginJar : add stm32_wpan
2025-04-12 12:17:03,559 [INFO] IPUIPlugin:80 - create IPUIPlugin
2025-04-12 12:17:03,563 [INFO] PluginManager:220 - loadIPPluginJar : add plateformsettings
2025-04-12 12:17:03,565 [INFO] IPUIPlugin:80 - create IPUIPlugin
2025-04-12 12:17:03,565 [INFO] PluginManager:220 - loadIPPluginJar : add ipddr
2025-04-12 12:17:03,567 [INFO] IPUIPlugin:80 - create IPUIPlugin
2025-04-12 12:17:03,567 [INFO] PluginManager:220 - loadIPPluginJar : add usart
2025-04-12 12:17:03,567 [INFO] IPUIPlugin:80 - create IPUIPlugin
2025-04-12 12:17:03,568 [INFO] PluginManager:220 - loadIPPluginJar : add ltdc
2025-04-12 12:17:03,569 [INFO] IPUIPlugin:80 - create IPUIPlugin
2025-04-12 12:17:03,569 [INFO] PluginManager:220 - loadIPPluginJar : add nvic
2025-04-12 12:17:03,570 [INFO] IPUIPlugin:80 - create IPUIPlugin
2025-04-12 12:17:03,570 [INFO] PluginManager:220 - loadIPPluginJar : add fatfs
2025-04-12 12:17:03,576 [INFO] IPUIPlugin:80 - create IPUIPlugin
2025-04-12 12:17:03,576 [INFO] PluginManager:220 - loadIPPluginJar : add linkedlist
2025-04-12 12:17:03,579 [INFO] IPUIPlugin:80 - create IPUIPlugin
2025-04-12 12:17:03,580 [INFO] PluginManager:220 - loadIPPluginJar : add dma
2025-04-12 12:17:03,582 [INFO] IPUIPlugin:80 - create IPUIPlugin
2025-04-12 12:17:03,582 [INFO] PluginManager:220 - loadIPPluginJar : add fmc
2025-04-12 12:17:03,583 [INFO] IPUIPlugin:80 - create IPUIPlugin
2025-04-12 12:17:03,584 [INFO] PluginManager:220 - loadIPPluginJar : add i2s
2025-04-12 12:17:03,585 [INFO] IPUIPlugin:80 - create IPUIPlugin
2025-04-12 12:17:03,585 [INFO] PluginManager:220 - loadIPPluginJar : add ucpd
2025-04-12 12:17:03,587 [INFO] IPUIPlugin:80 - create IPUIPlugin
2025-04-12 12:17:03,587 [INFO] PluginManager:220 - loadIPPluginJar : add lorawan
2025-04-12 12:17:03,588 [INFO] IPUIPlugin:80 - create IPUIPlugin
2025-04-12 12:17:03,588 [INFO] PluginManager:220 - loadIPPluginJar : add opamp
2025-04-12 12:17:03,590 [INFO] IPUIPlugin:80 - create IPUIPlugin
2025-04-12 12:17:03,590 [INFO] PluginManager:220 - loadIPPluginJar : add i3c
2025-04-12 12:17:03,592 [INFO] IPUIPlugin:80 - create IPUIPlugin
2025-04-12 12:17:03,595 [INFO] PluginManager:220 - loadIPPluginJar : add touchsensing
2025-04-12 12:17:03,597 [INFO] IPUIPlugin:80 - create IPUIPlugin
2025-04-12 12:17:03,597 [INFO] PluginManager:220 - loadIPPluginJar : add i2c
2025-04-12 12:17:03,600 [INFO] IPUIPlugin:80 - create IPUIPlugin
2025-04-12 12:17:03,600 [INFO] PluginManager:220 - loadIPPluginJar : add resmgrutility
2025-04-12 12:17:03,603 [INFO] IPUIPlugin:80 - create IPUIPlugin
2025-04-12 12:17:03,603 [INFO] PluginManager:220 - loadIPPluginJar : add sai
2025-04-12 12:17:03,604 [INFO] IPUIPlugin:80 - create IPUIPlugin
2025-04-12 12:17:03,605 [INFO] PluginManager:220 - loadIPPluginJar : add usbx
2025-04-12 12:17:03,720 [FATAL] Updater:351 - Updater called before beeing initialized
2025-04-12 12:17:03,770 [INFO] RulesReader:64 - Compatibility file has been processed (297 Rules)
2025-04-12 12:17:03,783 [INFO] RulesReader:64 - Compatibility file has been processed (297 Rules)
2025-04-12 12:17:03,793 [INFO] CADModel:165 - CPN selected for project level
2025-04-12 12:17:03,793 [INFO] CADModel:114 - Register for checkConnection events
2025-04-12 12:17:03,793 [FATAL] Updater:351 - Updater called before beeing initialized
2025-04-12 12:17:03,793 [ERROR] CADModel:125 - Updater not yet initialized, retry later 
2025-04-12 12:17:04,047 [FATAL] Updater:351 - Updater called before beeing initialized
2025-04-12 12:17:04,049 [INFO] CADModel:165 - CPN selected for project level
2025-04-12 12:17:04,049 [INFO] CADModel:114 - Register for checkConnection events
2025-04-12 12:17:04,049 [FATAL] Updater:351 - Updater called before beeing initialized
2025-04-12 12:17:04,049 [ERROR] CADModel:125 - Updater not yet initialized, retry later 
2025-04-12 12:17:04,052 [FATAL] Updater:351 - Updater called before beeing initialized
2025-04-12 12:17:04,204 [FATAL] Updater:351 - Updater called before beeing initialized
2025-04-12 12:17:04,209 [INFO] DbMcusAds:53 - JSON generation date=Fri Mar 07 01:54:21 AEDT 2025 (1741272861825)
2025-04-12 12:17:04,209 [FATAL] Updater:351 - Updater called before beeing initialized
2025-04-12 12:17:04,665 [WARN] DetailPanel:346 - Failed to get advertising image, set to default
2025-04-12 12:17:04,902 [FATAL] Updater:351 - Updater called before beeing initialized
2025-04-12 12:17:04,906 [FATAL] Updater:351 - Updater called before beeing initialized
2025-04-12 12:17:04,907 [FATAL] Updater:351 - Updater called before beeing initialized
2025-04-12 12:17:04,908 [WARN] DetailPanel:346 - Failed to get advertising image, set to default
2025-04-12 12:17:04,909 [FATAL] Updater:351 - Updater called before beeing initialized
2025-04-12 12:17:04,974 [ERROR] Updater:1198 - MainUpdater not yet initialized. External WinMGr cannot be set.
2025-04-12 12:17:04,985 [INFO] Updater:1134 - Updater Version found : 6.13.0
2025-04-12 12:17:04,999 [INFO] ApplicationProperties:184 - Using Application install path: /Applications/STM32CubeIDE.app/Contents/Eclipse/plugins/com.st.stm32cube.common.mx_6.13.0.202411220809
2025-04-12 12:17:05,926 [INFO] ThirdPartyUpdaterWithRetryManager:70 - Updater plugin not ready yet. [2/15]
2025-04-12 12:17:06,507 [INFO] MainUpdater:2872 - connection check result : 10
2025-04-12 12:17:06,508 [INFO] MainUpdater:289 - Updater Check For Update Now.
2025-04-12 12:17:06,508 [INFO] MicroXplorer:498 - Change Database Version : DB.6.0.130
2025-04-12 12:17:06,516 [INFO] McuFinderGlobals:63 - Set McuFinder mode to 2 (CubeIDE integrated)
2025-04-12 12:17:06,516 [INFO] UserAuth:171 - activating auth plugin
2025-04-12 12:17:06,535 [INFO] UserAuth:486 - Internet connection configuration mode: 1
2025-04-12 12:17:06,551 [INFO] JxBrowserEngine:152 - Initiate JxBrowser Engine with user profile folder
2025-04-12 12:17:06,782 [INFO] CheckServerUpdateThread:120 - End of CheckServer Thread
2025-04-12 12:17:09,328 [WARN] PackLoader:240 - Cannot read IP mode file for STMicroelectronics.FP-SNS-MOTENVWB1.1.4.0
2025-04-12 12:17:09,362 [WARN] PackLoader:240 - Cannot read IP mode file for STMicroelectronics.FP-ATR-ASTRA1.2.0.2
2025-04-12 12:17:09,378 [WARN] PackLoader:240 - Cannot read IP mode file for STMicroelectronics.FP-ATR-ASTRA1.2.0.1
2025-04-12 12:17:09,390 [WARN] PackLoader:240 - Cannot read IP mode file for STMicroelectronics.X-CUBE-SMBUS.2.1.0
2025-04-12 12:17:09,405 [WARN] PackLoader:240 - Cannot read IP mode file for STMicroelectronics.X-CUBE-WB05N.1.1.0
2025-04-12 12:17:09,472 [WARN] PackLoader:240 - Cannot read IP mode file for STMicroelectronics.X-CUBE-AZRTOS-F7.1.1.0
2025-04-12 12:17:09,511 [WARN] PackLoader:240 - Cannot read IP mode file for STMicroelectronics.FP-SNS-FLIGHT1.5.0.2
2025-04-12 12:17:09,574 [WARN] PackLoader:240 - Cannot read IP mode file for Infineon.AIROC-Wi-Fi-Bluetooth-STM32.1.7.0
2025-04-12 12:17:09,611 [WARN] PackLoader:240 - Cannot read IP mode file for STMicroelectronics.X-CUBE-DISPLAY.3.0.0
2025-04-12 12:17:09,645 [WARN] PackLoader:240 - Cannot read IP mode file for STMicroelectronics.X-CUBE-BLE1.7.0.0
2025-04-12 12:17:09,665 [WARN] PackLoader:240 - Cannot read IP mode file for STMicroelectronics.X-CUBE-NFC10.1.0.0
2025-04-12 12:17:09,690 [WARN] PackLoader:240 - Cannot read IP mode file for STMicroelectronics.X-CUBE-BLEMGR.4.0.0
2025-04-12 12:17:09,717 [WARN] PackLoader:240 - Cannot read IP mode file for emotas.I-CUBE-CANOPEN.1.3.0
2025-04-12 12:17:09,734 [WARN] PackLoader:240 - Cannot read IP mode file for STMicroelectronics.X-CUBE-AI.10.0.0
2025-04-12 12:17:09,745 [WARN] PackLoader:240 - Cannot read IP mode file for STMicroelectronics.FP-SNS-SMARTAG2.1.2.0
2025-04-12 12:17:09,752 [WARN] PackLoader:240 - Cannot read IP mode file for STMicroelectronics.FP-SNS-FLIGHT1.5.1.0
2025-04-12 12:17:09,885 [WARN] PackLoader:240 - Cannot read IP mode file for STMicroelectronics.X-CUBE-MEMS1.11.1.0
2025-04-12 12:17:10,089 [INFO] LogOutputStream:77 - [STDOUT_REDIRECT] 1 : Invalid condition id : UX_CORESTACK_Condition cause : null
2025-04-12 12:17:10,091 [INFO] LogOutputStream:77 - [STDOUT_REDIRECT] 1 : Invalid condition id : UX_CORESTACK_Condition cause : null
2025-04-12 12:17:10,091 [INFO] LogOutputStream:77 - [STDOUT_REDIRECT] 1 : Invalid condition id : UX_CORESTACK_Condition cause : null
2025-04-12 12:17:10,091 [INFO] LogOutputStream:77 - [STDOUT_REDIRECT] 1 : Invalid condition id : UX_CORESTACK_Condition cause : null
2025-04-12 12:17:10,092 [INFO] LogOutputStream:77 - [STDOUT_REDIRECT] 1 : Invalid condition id : UX_CORESTACK_Condition cause : null
2025-04-12 12:17:10,099 [WARN] PackLoader:240 - Cannot read IP mode file for STMicroelectronics.X-CUBE-AZRTOS-WL.2.0.0
2025-04-12 12:17:10,114 [WARN] PackLoader:240 - Cannot read IP mode file for STMicroelectronics.FP-SNS-MOTENV1.5.0.0
2025-04-12 12:17:10,125 [WARN] PackLoader:240 - Cannot read IP mode file for WES.I-CUBE-Cesium.1.3.0
2025-04-12 12:17:10,130 [WARN] PackLoader:240 - Cannot read IP mode file for STMicroelectronics.X-CUBE-BLE2.3.3.0
2025-04-12 12:17:10,139 [WARN] PackLoader:240 - Cannot read IP mode file for STMicroelectronics.X-CUBE-NFC9.1.0.0
2025-04-12 12:17:10,149 [WARN] PackLoader:240 - Cannot read IP mode file for STMicroelectronics.X-CUBE-BLE1.7.1.0
2025-04-12 12:17:10,159 [WARN] PackLoader:240 - Cannot read IP mode file for wolfSSL.I-CUBE-wolfMQTT.1.19.2
2025-04-12 12:17:10,180 [WARN] PackLoader:240 - Cannot read IP mode file for STMicroelectronics.X-CUBE-AZRTOS-G0.1.1.0
2025-04-12 12:17:10,193 [WARN] PackLoader:240 - Cannot read IP mode file for STMicroelectronics.X-CUBE-SAFEA1.1.2.2
2025-04-12 12:17:10,201 [WARN] PackLoader:240 - Cannot read IP mode file for STMicroelectronics.X-CUBE-NFC4.3.0.0
2025-04-12 12:17:10,213 [WARN] PackLoader:240 - Cannot read IP mode file for EmbeddedOffice.I-CUBE-FS-RTOS.1.0.1
2025-04-12 12:17:10,221 [WARN] PackLoader:240 - Cannot read IP mode file for wolfSSL.I-CUBE-wolfTPM.3.8.0
2025-04-12 12:17:10,231 [WARN] PackLoader:240 - Cannot read IP mode file for STMicroelectronics.X-CUBE-TCPP.4.2.0
2025-04-12 12:17:10,241 [WARN] PackLoader:240 - Cannot read IP mode file for RealThread.X-CUBE-RT-Thread_Nano.4.1.1
2025-04-12 12:17:10,249 [WARN] PackLoader:240 - Cannot read IP mode file for STMicroelectronics.FP-ATR-SIGFOX1.3.2.0
2025-04-12 12:17:10,254 [WARN] ConditionMgr:438 - getConditionDescription Invalid condition id : Cortex-A Device cause : null
2025-04-12 12:17:10,274 [WARN] ConditionMgr:1044 - genDependencies : Invalid condition id : Cortex-A Device cause : null
2025-04-12 12:17:10,274 [WARN] ConditionMgr:1044 - genDependencies : Invalid condition id : Cortex-A Device cause : null
2025-04-12 12:17:10,274 [WARN] ConditionMgr:1044 - genDependencies : Invalid condition id : Cortex-A Device cause : null
2025-04-12 12:17:10,279 [WARN] PackLoader:240 - Cannot read IP mode file for STMicroelectronics.X-CUBE-EEPRMA1.5.1.0
2025-04-12 12:17:10,283 [WARN] PackLoader:240 - Cannot read IP mode file for wolfSSL.I-CUBE-wolfSSL.5.7.6
2025-04-12 12:17:10,288 [WARN] PackLoader:240 - Cannot read IP mode file for ITTIA_DB.I-CUBE-ITTIADB.8.9.0
2025-04-12 12:17:10,343 [WARN] PackLoader:240 - Cannot read IP mode file for SEGGER.I-CUBE-embOS.1.3.1
2025-04-12 12:17:10,405 [WARN] PackLoader:240 - Cannot read IP mode file for STMicroelectronics.X-CUBE-ALGOBUILD.1.4.0
2025-04-12 12:17:10,432 [WARN] PackLoader:240 - Cannot read IP mode file for STMicroelectronics.X-CUBE-AZRTOS-F4.1.1.0
2025-04-12 12:17:10,444 [WARN] PackLoader:240 - Cannot read IP mode file for STMicroelectronics.X-CUBE-ISPU.2.1.0
2025-04-12 12:17:10,668 [WARN] PackLoader:240 - Cannot read IP mode file for STMicroelectronics.X-CUBE-AZRTOS-L5.2.0.0
2025-04-12 12:17:10,858 [WARN] PackLoader:240 - Cannot read IP mode file for STMicroelectronics.X-CUBE-NFC6.3.1.0
2025-04-12 12:17:10,895 [WARN] PackLoader:240 - Cannot read IP mode file for STMicroelectronics.X-CUBE-DPower.1.2.0
2025-04-12 12:17:10,907 [WARN] PackLoader:240 - Cannot read IP mode file for STMicroelectronics.X-CUBE-FREERTOS.1.3.0
2025-04-12 12:17:10,913 [WARN] PackLoader:240 - Cannot read IP mode file for STMicroelectronics.X-CUBE-NFC7.1.0.1
2025-04-12 12:17:10,924 [WARN] PackLoader:240 - Cannot read IP mode file for STMicroelectronics.X-CUBE-DPower.1.3.0
2025-04-12 12:17:10,949 [WARN] ConditionMgr:438 - getConditionDescription Invalid condition id : LAN8742 Phy interface Condition cause : null
2025-04-12 12:17:10,951 [WARN] PackLoader:240 - Cannot read IP mode file for STMicroelectronics.X-CUBE-AZRTOS-L4.2.0.0
2025-04-12 12:17:10,956 [WARN] ConditionMgr:1044 - genDependencies : Invalid condition id : LAN8742 Phy interface Condition cause : null
2025-04-12 12:17:10,956 [WARN] ConditionMgr:1044 - genDependencies : Invalid condition id : LAN8742 Phy interface Condition cause : null
2025-04-12 12:17:10,958 [WARN] ConditionMgr:1044 - genDependencies : Invalid condition id : LAN8742 Phy interface Condition cause : null
2025-04-12 12:17:10,974 [WARN] PackLoader:240 - Cannot read IP mode file for STMicroelectronics.X-CUBE-SFXS2LP1.4.0.0
2025-04-12 12:17:11,006 [WARN] PackLoader:240 - Cannot read IP mode file for STMicroelectronics.X-CUBE-AZRTOS-H7.3.3.0
2025-04-12 12:17:11,030 [WARN] ConditionMgr:438 - getConditionDescription Invalid condition id : UX DEVICE CLASS RTOS Condition cause : null
2025-04-12 12:17:11,030 [WARN] ConditionMgr:438 - getConditionDescription Invalid condition id : UX DEVICE CLASS RTOS Condition cause : null
2025-04-12 12:17:11,034 [WARN] PackLoader:240 - Cannot read IP mode file for STMicroelectronics.X-CUBE-AZRTOS-WB.2.0.0
2025-04-12 12:17:11,036 [WARN] ConditionMgr:1044 - genDependencies : Invalid condition id : UX DEVICE CLASS RTOS Condition cause : null
2025-04-12 12:17:11,036 [WARN] ConditionMgr:1044 - genDependencies : Invalid condition id : UX DEVICE CLASS RTOS Condition cause : null
2025-04-12 12:17:11,036 [WARN] ConditionMgr:1044 - genDependencies : Invalid condition id : UX DEVICE CLASS RTOS Condition cause : null
2025-04-12 12:17:11,037 [WARN] ConditionMgr:1044 - genDependencies : Invalid condition id : UX DEVICE CLASS RTOS Condition cause : null
2025-04-12 12:17:11,037 [WARN] ConditionMgr:1044 - genDependencies : Invalid condition id : UX DEVICE CLASS RTOS Condition cause : null
2025-04-12 12:17:11,046 [WARN] PackLoader:240 - Cannot read IP mode file for STMicroelectronics.X-CUBE-GNSS1.7.0.1
2025-04-12 12:17:11,071 [WARN] PackLoader:240 - Cannot read IP mode file for STMicroelectronics.X-CUBE-TOUCHGFX.4.25.0
2025-04-12 12:17:11,080 [WARN] PackLoader:240 - Cannot read IP mode file for STMicroelectronics.FP-SNS-STBOX1.2.0.0
2025-04-12 12:17:11,095 [WARN] PackLoader:240 - Cannot read IP mode file for STMicroelectronics.X-CUBE-SUBG2.5.0.0
2025-04-12 12:17:11,125 [WARN] PackLoader:240 - Cannot read IP mode file for STMicroelectronics.X-CUBE-AZRTOS-H7RS.1.1.0
2025-04-12 12:17:11,132 [WARN] PackLoader:240 - Cannot read IP mode file for Cesanta.I-CUBE-Mongoose.7.13.0
2025-04-12 12:17:11,150 [WARN] PackLoader:240 - Cannot read IP mode file for STMicroelectronics.X-CUBE-AZRTOS-G4.2.0.0
2025-04-12 12:17:11,154 [WARN] PackLoader:240 - Cannot read IP mode file for wolfSSL.I-CUBE-wolfSSH.1.4.20
2025-04-12 12:17:11,166 [WARN] PackLoader:240 - Cannot read IP mode file for STMicroelectronics.X-CUBE-IPS.3.1.0
2025-04-12 12:17:11,173 [WARN] PackLoader:240 - Cannot read IP mode file for STMicroelectronics.X-CUBE-ALS.1.0.2
2025-04-12 12:17:11,181 [WARN] PackLoader:240 - Cannot read IP mode file for STMicroelectronics.X-CUBE-TOUCHGFX.4.24.2
2025-04-12 12:17:11,186 [WARN] PackLoader:240 - Cannot read IP mode file for portGmbH.I-Cube-SoM-uGOAL.1.1.0
2025-04-12 12:17:11,208 [WARN] PackLoader:240 - Cannot read IP mode file for STMicroelectronics.X-CUBE-AZRTOS-H7RS.1.0.0
2025-04-12 12:17:11,231 [WARN] PackLoader:240 - Cannot read IP mode file for STMicroelectronics.X-CUBE-TOF1.3.4.2
2025-04-12 12:17:11,261 [INFO] ThirdParty:978 - Integrity check success = true
2025-04-12 12:17:11,261 [INFO] IntegrityCheckThread:100 - exiting critical section [integrity check]
2025-04-12 12:17:11,261 [INFO] IntegrityCheckThread:103 - End integrity checks thread
2025-04-12 12:17:49,359 [INFO] WebApp:168 - Instantiating new browser for Auth
2025-04-12 12:17:51,666 [INFO] WebApp:449 - Apply proxy settings
2025-04-12 12:17:51,704 [INFO] WebApp:494 - Chromium authenticates against Manually configured proxy
2025-04-12 12:17:51,730 [INFO] WebApp:502 - Username used for proxy authentication: 
2025-04-12 12:17:51,795 [INFO] WebApp:880 - Register for checkConnection events
2025-04-12 12:17:51,796 [INFO] WebApp:449 - Apply proxy settings
2025-04-12 12:17:51,803 [INFO] WebApp:494 - Chromium authenticates against Manually configured proxy
2025-04-12 12:17:51,803 [INFO] WebApp:502 - Username used for proxy authentication: 
2025-04-12 12:17:52,015 [INFO] WebApp:221 - Starting web application
2025-04-12 12:17:52,016 [INFO] WebApp:579 - Web application path used /Applications/STM32CubeIDE.app/Contents/Eclipse/plugins/com.st.stm32cube.common.mx_6.13.0.202411220809/db/plugins/mcufinder/reactClient1/index.html
2025-04-12 12:18:41,632 [INFO] WebApp:187 - Connection restablished
2025-04-12 12:22:15,331 [ERROR] LogOutputStream:75 - [STDERR_REDIRECT] 
